#
# An unexpected error has been detected by HotSpot Virtual Machine:
#
#  EXCEPTION_ACCESS_VIOLATION (0xc0000005) at pc=0x00000000, pid=1540, tid=2232
#
# Java VM: Java HotSpot(TM) Client VM (1.5.0_09-b01 mixed mode, sharing)
# Problematic frame:
# C  0x00000000
#

---------------  T H R E A D  ---------------

Current thread (0x037e0760):  JavaThread "J3D-Renderer-1" [_thread_in_native, id=2232]

siginfo: ExceptionCode=0xc0000005, reading address 0x00000000

Registers:
EAX=0x000be020, EBX=0x26c38f88, ECX=0x2364d6d0, EDX=0x062c5010
ESP=0x0a45f7f4, EBP=0x0a45f88c, ESI=0x26c38f88, EDI=0x037e0760
EIP=0x00000000, EFLAGS=0x00010202

Top of Stack: (sp=0x0a45f7f4)
0x0a45f7f4:   0629fa4f 2364d6d0 6d8643b0 0386f028
0x0a45f804:   00020000 00000000 00000001 0386f024
0x0a45f814:   0000000e 062c5010 0000000e 0a45f8a8
0x0a45f824:   0a45f880 0a45f89c 01556562 037e0760
0x0a45f834:   26c38d58 0a45f8e0 0a45f89c 0155832f
0x0a45f844:   037e0820 0a45f8e0 062c5010 00000000
0x0a45f854:   00000000 00000000 00000000 00000000
0x0a45f864:   3c23d70a 00000326 000002d7 0629449e 

Instructions: (pc=0x00000000)
0xfffffff0:   


Stack: [0x0a420000,0x0a460000),  sp=0x0a45f7f4,  free space=253k
Java frames: (J=compiled Java code, j=interpreted, Vv=VM code)
j  javax.media.j3d.Canvas3D.setProjectionMatrix(J[D)V+0
j  javax.media.j3d.Renderer.doWork(J)V+5431
j  javax.media.j3d.J3dThread.run()V+19
v  ~StubRoutines::call_stub

---------------  P R O C E S S  ---------------

Java Threads: ( => current thread )
  0x03a3b570 JavaThread "J3D-InputDeviceScheduler-1" [_thread_blocked, id=3788]
  0x01503008 JavaThread "J3D-SoundSchedulerUpdateThread-1" [_thread_blocked, id=1380]
  0x038e0e38 JavaThread "J3D-RenderStructureUpdateThread-1" [_thread_blocked, id=3920]
  0x03ab7c28 JavaThread "J3D-BehaviorScheduler-1" [_thread_blocked, id=2532]
  0x03ab7aa0 JavaThread "J3D-TransformStructureUpdateThread-1" [_thread_blocked, id=2368]
  0x03a5bca8 JavaThread "J3D-RenderingEnvironmentStructureUpdateThread-1" [_thread_blocked, id=2880]
  0x03a332c0 JavaThread "J3D-SoundStructureUpdateThread-1" [_thread_blocked, id=1288]
  0x03a33138 JavaThread "J3D-GeometryStructureUpdateThread-1" [_thread_blocked, id=3664]
  0x037d6b60 JavaThread "J3D-BehaviorStructureUpdateThread-1" [_thread_blocked, id=924]
=>0x037e0760 JavaThread "J3D-Renderer-1" [_thread_in_native, id=2232]
  0x038deb10 JavaThread "J3D-MasterControl-1" [_thread_blocked, id=2832]
  0x03801408 JavaThread "J3D-NotificationThread" [_thread_blocked, id=2120]
  0x014f38b8 JavaThread "J3D-TimerThread" [_thread_blocked, id=3720]
  0x014f3730 JavaThread "J3D-RenderingAttributesStructureUpdateThread" [_thread_blocked, id=3488]
  0x038ec808 JavaThread "TimerQueue" daemon [_thread_blocked, id=2720]
  0x00036390 JavaThread "DestroyJavaVM" [_thread_blocked, id=4044]
  0x03721c60 JavaThread "AWT-EventQueue-0" [_thread_blocked, id=1692]
  0x03727328 JavaThread "AWT-Windows" daemon [_thread_in_native, id=3908]
  0x03727908 JavaThread "AWT-Shutdown" [_thread_blocked, id=2568]
  0x03a83008 JavaThread "Java2D Disposer" daemon [_thread_blocked, id=2860]
  0x014f15e8 JavaThread "Low Memory Detector" daemon [_thread_blocked, id=3984]
  0x014f0268 JavaThread "CompilerThread0" daemon [_thread_blocked, id=3048]
  0x014ef618 JavaThread "Signal Dispatcher" daemon [_thread_blocked, id=3500]
  0x0003f210 JavaThread "Finalizer" daemon [_thread_blocked, id=3160]
  0x014c2e00 JavaThread "Reference Handler" daemon [_thread_blocked, id=1192]

Other Threads:
  0x014c0448 VMThread [id=540]
  0x014ef348 WatcherThread [id=1396]

VM state:not at safepoint (normal execution)

VM Mutex/Monitor currently owned by a thread: None

Heap
 def new generation   total 2752K, used 2373K [0x22b20000, 0x22e10000, 0x23000000)
  eden space 2496K,  84% used [0x22b20000, 0x22d31570, 0x22d90000)
  from space 256K, 100% used [0x22d90000, 0x22dd0000, 0x22dd0000)
  to   space 256K,   0% used [0x22dd0000, 0x22dd0000, 0x22e10000)
 tenured generation   total 34548K, used 29091K [0x23000000, 0x251bd000, 0x26b20000)
   the space 34548K,  84% used [0x23000000, 0x24c68c60, 0x24c68e00, 0x251bd000)
 compacting perm gen  total 8192K, used 3839K [0x26b20000, 0x27320000, 0x2ab20000)
   the space 8192K,  46% used [0x26b20000, 0x26edfe40, 0x26ee0000, 0x27320000)
    ro space 8192K,  67% used [0x2ab20000, 0x2b07e5d8, 0x2b07e600, 0x2b320000)
    rw space 12288K,  47% used [0x2b320000, 0x2b8c87f0, 0x2b8c8800, 0x2bf20000)

Dynamic libraries:
0x00400000 - 0x0040d000 	C:\Archivos de programa\Java\jdk1.5.0_09\jre\bin\java.exe
0x7c910000 - 0x7c9c6000 	C:\WINDOWS\system32\ntdll.dll
0x7c800000 - 0x7c901000 	C:\WINDOWS\system32\kernel32.dll
0x77da0000 - 0x77e4c000 	C:\WINDOWS\system32\ADVAPI32.dll
0x77e50000 - 0x77ee1000 	C:\WINDOWS\system32\RPCRT4.dll
0x77be0000 - 0x77c38000 	C:\WINDOWS\system32\MSVCRT.dll
0x10000000 - 0x1002a000 	C:\WINDOWS\SYSTEM32\PAVSKRE.DLL
0x77d10000 - 0x77da0000 	C:\WINDOWS\system32\USER32.dll
0x77ef0000 - 0x77f37000 	C:\WINDOWS\system32\GDI32.dll
0x00320000 - 0x00341000 	C:\WINDOWS\system32\pavipc.dll
0x66500000 - 0x6650a000 	C:\WINDOWS\system32\wbsys.dll
0x66600000 - 0x66617000 	C:\Archivos de programa\Stardock\Object Desktop\WindowBlinds\wbhelp.dll
0x003c0000 - 0x003ec000 	C:\Archivos de programa\Panda Software\Panda Platinum 2005 Internet Security\PAVHOOK.DLL
0x77fc0000 - 0x77fd1000 	C:\WINDOWS\system32\Secur32.dll
0x00b80000 - 0x00b9c000 	C:\WINDOWS\system32\SYSTOOLS.dll
0x770f0000 - 0x7717c000 	C:\WINDOWS\system32\oleaut32.dll
0x774b0000 - 0x775ed000 	C:\WINDOWS\system32\ole32.dll
0x01000000 - 0x01032000 	C:\WINDOWS\SYSTEM32\PAVSPROT.DLL
0x6d730000 - 0x6d8cb000 	C:\Archivos de programa\Java\jdk1.5.0_09\jre\bin\client\jvm.dll
0x76b00000 - 0x76b2e000 	C:\WINDOWS\system32\WINMM.dll
0x5d160000 - 0x5d167000 	C:\WINDOWS\system32\serwvdrv.dll
0x5b480000 - 0x5b487000 	C:\WINDOWS\system32\umdmxfrm.dll
0x6d2f0000 - 0x6d2f8000 	C:\Archivos de programa\Java\jdk1.5.0_09\jre\bin\hpi.dll
0x76bb0000 - 0x76bbb000 	C:\WINDOWS\system32\PSAPI.DLL
0x6d700000 - 0x6d70c000 	C:\Archivos de programa\Java\jdk1.5.0_09\jre\bin\verify.dll
0x6d370000 - 0x6d38d000 	C:\Archivos de programa\Java\jdk1.5.0_09\jre\bin\java.dll
0x6d720000 - 0x6d72f000 	C:\Archivos de programa\Java\jdk1.5.0_09\jre\bin\zip.dll
0x6d070000 - 0x6d1d9000 	C:\Archivos de programa\Java\jdk1.5.0_09\jre\bin\awt.dll
0x72f80000 - 0x72fa6000 	C:\WINDOWS\system32\WINSPOOL.DRV
0x76340000 - 0x7635d000 	C:\WINDOWS\system32\IMM32.dll
0x66000000 - 0x6608e000 	C:\Archivos de programa\Stardock\Object Desktop\WindowBlinds\WBlind.dll
0x7c9d0000 - 0x7d1ef000 	C:\WINDOWS\system32\SHELL32.dll
0x77f40000 - 0x77fb6000 	C:\WINDOWS\system32\SHLWAPI.dll
0x58c30000 - 0x58cca000 	C:\WINDOWS\system32\COMCTL32.dll
0x773a0000 - 0x774a3000 	C:\WINDOWS\WinSxS\x86_Microsoft.Windows.Common-Controls_6595b64144ccf1df_6.0.2600.2982_x-ww_ac3f9c03\comctl32.dll
0x5b150000 - 0x5b188000 	C:\WINDOWS\system32\UXTHEME.DLL
0x76330000 - 0x76335000 	C:\WINDOWS\system32\msimg32.dll
0x736e0000 - 0x73729000 	C:\WINDOWS\system32\ddraw.dll
0x73b40000 - 0x73b46000 	C:\WINDOWS\system32\DCIMAN32.dll
0x6d2b0000 - 0x6d2ef000 	C:\Archivos de programa\Java\jdk1.5.0_09\jre\bin\fontmanager.dll
0x05f70000 - 0x05f8a000 	C:\Archivos de programa\Panda Software\Panda Platinum 2005 Internet Security\pavoepl.dll
0x05f90000 - 0x05fab000 	C:\Archivos de programa\Panda Software\Panda Platinum 2005 Internet Security\StoreMan.dll
0x76740000 - 0x76749000 	C:\WINDOWS\system32\SHFOLDER.dll
0x746b0000 - 0x746fb000 	C:\WINDOWS\system32\MSCTF.dll
0x06340000 - 0x06355000 	C:\Archivos de programa\Panda Software\Panda Platinum 2005 Internet Security\Firewall\SSSensor.dll
0x6d530000 - 0x6d543000 	C:\Archivos de programa\Java\jdk1.5.0_09\jre\bin\net.dll
0x71a30000 - 0x71a47000 	C:\WINDOWS\system32\WS2_32.dll
0x71a20000 - 0x71a28000 	C:\WINDOWS\system32\WS2HELP.dll
0x6d550000 - 0x6d559000 	C:\Archivos de programa\Java\jdk1.5.0_09\jre\bin\nio.dll
0x6d430000 - 0x6d44f000 	C:\Archivos de programa\Java\jdk1.5.0_09\jre\bin\jpeg.dll
0x6d3d0000 - 0x6d3d6000 	C:\Archivos de programa\Java\jdk1.5.0_09\jre\bin\jawt.dll
0x06290000 - 0x062c0000 	C:\Archivos de programa\Java\jdk1.5.0_09\jre\bin\j3dcore-ogl.dll
0x5f120000 - 0x5f1ec000 	C:\WINDOWS\system32\OPENGL32.dll
0x5fea0000 - 0x5fec1000 	C:\WINDOWS\system32\GLU32.dll
0x69000000 - 0x692be000 	C:\WINDOWS\system32\vticd.dll

VM Arguments:
java_command: erg2.Test0
Launcher Type: SUN_STANDARD

Environment Variables:
PATH=C:\WINDOWS\system32;C:\WINDOWS;C:\WINDOWS\System32\Wbem;E:\QUARTUS II\QUARTUS WEB EDITION\bin;E:\QUARTUS II\QUARTUS WEB EDITION\bin;E:\MATLAB7\bin\win32;;C:\Archivos de programa\Panda Software\Panda Platinum 2005 Internet Security\
USERNAME=user
OS=Windows_NT
PROCESSOR_IDENTIFIER=x86 Family 6 Model 10 Stepping 0, AuthenticAMD



---------------  S Y S T E M  ---------------

OS: Windows XP Build 2600 Service Pack 2

CPU:total 1 (cores per cpu 1, threads per core 1) family 6 model 10 stepping 0, cmov, cx8, fxsr, mmx, sse, mmxext, 3dnowext, 3dnow

Memory: 4k page, physical 458224k(18220k free), swap 1082604k(289204k free)

vm_info: Java HotSpot(TM) Client VM (1.5.0_09-b01) for windows-x86, built on Sep  7 2006 13:59:31 by "java_re" with MS VC++ 6.0

