#
# An unexpected error has been detected by HotSpot Virtual Machine:
#
#  EXCEPTION_ACCESS_VIOLATION (0xc0000005) at pc=0x69195656, pid=2192, tid=2444
#
# Java VM: Java HotSpot(TM) Client VM (1.5.0_09-b01 mixed mode, sharing)
# Problematic frame:
# C  [vticd.dll+0x195656]
#

---------------  T H R E A D  ---------------

Current thread (0x02f151e0):  JavaThread "J3D-Renderer-1" [_thread_in_native, id=2444]

siginfo: ExceptionCode=0xc0000005, writing address 0x09951000

Registers:
EAX=0xffffff00, EBX=0x000004f9, ECX=0x000001fe, EDX=0x000000a8
ESP=0x034ef72c, EBP=0x034ef74c, ESI=0x00000018, EDI=0x09951000
EIP=0x69195656, EFLAGS=0x00010202

Top of Stack: (sp=0x034ef72c)
0x034ef72c:   690ace1c 00134ff0 00139680 00099a98
0x034ef73c:   0956f00c 00134ff0 00099920 4b010df9
0x034ef74c:   034ef78c 6910537e 000004fa 000003c3
0x034ef75c:   00000018 ffffff00 00000000 00000100
0x034ef76c:   00134ff0 00001bc3 03559c00 00001800
0x034ef77c:   00001800 ffffff00 000003c3 000004fa
0x034ef78c:   034ef83c 691321f5 02f151e0 26b33bb8
0x034ef79c:   26b33bb8 1000438b 00000100 00000000 

Instructions: (pc=0x69195656)
0x69195646:   00 00 49 8b d9 c1 e9 01 74 12 0f 6e c0 0f 62 c0
0x69195656:   0f 7f 07 81 c7 08 00 00 00 49 75 f4 f7 c3 01 00 


Stack: [0x034b0000,0x034f0000),  sp=0x034ef72c,  free space=253k
Native frames: (J=compiled Java code, j=interpreted, Vv=VM code, C=native code)
C  [vticd.dll+0x195656]
C  [vticd.dll+0x10537e]
C  [vticd.dll+0x1321f5]
j  javax.media.j3d.Canvas3D.textureclear(JIIFFFIIIILjavax/media/j3d/ImageComponent2DRetained;Z)V+0
j  javax.media.j3d.Renderer.doWork(J)V+4615
j  javax.media.j3d.J3dThread.run()V+19
v  ~StubRoutines::call_stub
V  [jvm.dll+0x86e84]
V  [jvm.dll+0xddead]
V  [jvm.dll+0x86d55]
V  [jvm.dll+0x86ab2]
V  [jvm.dll+0xa16b2]
V  [jvm.dll+0x10f4ac]
V  [jvm.dll+0x10f47a]
C  [MSVCRT.dll+0x2a3b0]
C  [kernel32.dll+0xb683]

Java frames: (J=compiled Java code, j=interpreted, Vv=VM code)
j  javax.media.j3d.Canvas3D.textureclear(JIIFFFIIIILjavax/media/j3d/ImageComponent2DRetained;Z)V+0
j  javax.media.j3d.Renderer.doWork(J)V+4615
j  javax.media.j3d.J3dThread.run()V+19
v  ~StubRoutines::call_stub

---------------  P R O C E S S  ---------------

Java Threads: ( => current thread )
  0x0301d6e8 JavaThread "J3D-InputDeviceScheduler-1" [_thread_blocked, id=3052]
  0x0301aa30 JavaThread "J3D-SoundSchedulerUpdateThread-1" [_thread_blocked, id=3976]
  0x0304bda0 JavaThread "J3D-RenderStructureUpdateThread-1" [_thread_blocked, id=3144]
  0x0304c0e8 JavaThread "J3D-BehaviorScheduler-1" [_thread_blocked, id=2560]
  0x0304a820 JavaThread "J3D-TransformStructureUpdateThread-1" [_thread_blocked, id=2924]
  0x0310ef10 JavaThread "J3D-RenderingEnvironmentStructureUpdateThread-1" [_thread_blocked, id=1076]
  0x0310e588 JavaThread "J3D-SoundStructureUpdateThread-1" [_thread_blocked, id=3532]
  0x02f9f640 JavaThread "J3D-GeometryStructureUpdateThread-1" [_thread_blocked, id=3136]
  0x02f9f3c8 JavaThread "J3D-BehaviorStructureUpdateThread-1" [_thread_blocked, id=2328]
  0x00035e40 JavaThread "DestroyJavaVM" [_thread_blocked, id=3556]
  0x03065d90 JavaThread "AWT-EventQueue-0" [_thread_blocked, id=3680]
  0x02f24d78 JavaThread "AWT-Shutdown" [_thread_blocked, id=3224]
=>0x02f151e0 JavaThread "J3D-Renderer-1" [_thread_in_native, id=2444]
  0x0303ec08 JavaThread "J3D-MasterControl-1" [_thread_blocked, id=2844]
  0x02f47b38 JavaThread "J3D-NotificationThread" [_thread_blocked, id=3424]
  0x02f479b0 JavaThread "J3D-TimerThread" [_thread_blocked, id=2288]
  0x0305d808 JavaThread "J3D-RenderingAttributesStructureUpdateThread" [_thread_blocked, id=4020]
  0x02f57618 JavaThread "Java2D Disposer" daemon [_thread_blocked, id=3392]
  0x00cfd780 JavaThread "AWT-Windows" daemon [_thread_in_native, id=3524]
  0x00ce0fe8 JavaThread "Low Memory Detector" daemon [_thread_blocked, id=3824]
  0x00cdfc70 JavaThread "CompilerThread0" daemon [_thread_blocked, id=4068]
  0x00cdf020 JavaThread "Signal Dispatcher" daemon [_thread_blocked, id=1024]
  0x00cd9cb8 JavaThread "Finalizer" daemon [_thread_blocked, id=268]
  0x0003f8c0 JavaThread "Reference Handler" daemon [_thread_blocked, id=2812]

Other Threads:
  0x00cb6ef0 VMThread [id=264]
  0x00cdee00 WatcherThread [id=2760]

VM state:not at safepoint (normal execution)

VM Mutex/Monitor currently owned by a thread: None

Heap
 def new generation   total 1984K, used 1014K [0x22b20000, 0x22d40000, 0x23000000)
  eden space 1792K,   0% used [0x22b20000, 0x22bf27c0, 0x22ce0000)
  from space 192K,  89% used [0x22ce0000, 0x22d0b330, 0x22d10000)
  to   space 192K,   0% used [0x22d10000, 0x22d10000, 0x22d40000)
 tenured generation   total 25752K, used 22092K [0x23000000, 0x24926000, 0x26b20000)
   the space 25752K,  85% used [0x23000000, 0x24593160, 0x24593200, 0x24926000)
 compacting perm gen  total 8192K, used 2827K [0x26b20000, 0x27320000, 0x2ab20000)
   the space 8192K,  34% used [0x26b20000, 0x26de2cb8, 0x26de2e00, 0x27320000)
    ro space 8192K,  67% used [0x2ab20000, 0x2b07e5d8, 0x2b07e600, 0x2b320000)
    rw space 12288K,  47% used [0x2b320000, 0x2b8c87f0, 0x2b8c8800, 0x2bf20000)

Dynamic libraries:
0x00400000 - 0x0040d000 	C:\Archivos de programa\Java\jdk1.5.0_09\jre\bin\java.exe
0x7c910000 - 0x7c9c6000 	C:\WINDOWS\system32\ntdll.dll
0x7c800000 - 0x7c901000 	C:\WINDOWS\system32\kernel32.dll
0x77da0000 - 0x77e4c000 	C:\WINDOWS\system32\ADVAPI32.dll
0x77e50000 - 0x77ee1000 	C:\WINDOWS\system32\RPCRT4.dll
0x77be0000 - 0x77c38000 	C:\WINDOWS\system32\MSVCRT.dll
0x6d730000 - 0x6d8cb000 	C:\Archivos de programa\Java\jdk1.5.0_09\jre\bin\client\jvm.dll
0x77d10000 - 0x77da0000 	C:\WINDOWS\system32\USER32.dll
0x77ef0000 - 0x77f37000 	C:\WINDOWS\system32\GDI32.dll
0x76b00000 - 0x76b2e000 	C:\WINDOWS\system32\WINMM.dll
0x66500000 - 0x6650a000 	C:\WINDOWS\system32\wbsys.dll
0x66600000 - 0x66617000 	C:\Archivos de programa\Stardock\Object Desktop\WindowBlinds\wbhelp.dll
0x5d160000 - 0x5d167000 	C:\WINDOWS\system32\serwvdrv.dll
0x5b480000 - 0x5b487000 	C:\WINDOWS\system32\umdmxfrm.dll
0x6d2f0000 - 0x6d2f8000 	C:\Archivos de programa\Java\jdk1.5.0_09\jre\bin\hpi.dll
0x76bb0000 - 0x76bbb000 	C:\WINDOWS\system32\PSAPI.DLL
0x6d700000 - 0x6d70c000 	C:\Archivos de programa\Java\jdk1.5.0_09\jre\bin\verify.dll
0x6d370000 - 0x6d38d000 	C:\Archivos de programa\Java\jdk1.5.0_09\jre\bin\java.dll
0x6d720000 - 0x6d72f000 	C:\Archivos de programa\Java\jdk1.5.0_09\jre\bin\zip.dll
0x6d070000 - 0x6d1d9000 	C:\Archivos de programa\Java\jdk1.5.0_09\jre\bin\awt.dll
0x72f80000 - 0x72fa6000 	C:\WINDOWS\system32\WINSPOOL.DRV
0x76340000 - 0x7635d000 	C:\WINDOWS\system32\IMM32.dll
0x774b0000 - 0x775ed000 	C:\WINDOWS\system32\ole32.dll
0x66000000 - 0x6608e000 	C:\Archivos de programa\Stardock\Object Desktop\WindowBlinds\WBlind.dll
0x7c9d0000 - 0x7d1ef000 	C:\WINDOWS\system32\SHELL32.dll
0x77f40000 - 0x77fb6000 	C:\WINDOWS\system32\SHLWAPI.dll
0x58c30000 - 0x58cca000 	C:\WINDOWS\system32\COMCTL32.dll
0x773a0000 - 0x774a3000 	C:\WINDOWS\WinSxS\x86_Microsoft.Windows.Common-Controls_6595b64144ccf1df_6.0.2600.2982_x-ww_ac3f9c03\comctl32.dll
0x5b150000 - 0x5b188000 	C:\WINDOWS\system32\UXTHEME.DLL
0x76330000 - 0x76335000 	C:\WINDOWS\system32\msimg32.dll
0x736e0000 - 0x73729000 	C:\WINDOWS\system32\ddraw.dll
0x73b40000 - 0x73b46000 	C:\WINDOWS\system32\DCIMAN32.dll
0x746b0000 - 0x746fb000 	C:\WINDOWS\system32\MSCTF.dll
0x6d3d0000 - 0x6d3d6000 	C:\Archivos de programa\Java\jdk1.5.0_09\jre\bin\jawt.dll
0x10000000 - 0x10030000 	C:\Archivos de programa\Java\jdk1.5.0_09\jre\bin\j3dcore-ogl.dll
0x5f120000 - 0x5f1ec000 	C:\WINDOWS\system32\OPENGL32.dll
0x5fea0000 - 0x5fec1000 	C:\WINDOWS\system32\GLU32.dll
0x6d2b0000 - 0x6d2ef000 	C:\Archivos de programa\Java\jdk1.5.0_09\jre\bin\fontmanager.dll
0x69000000 - 0x692be000 	C:\WINDOWS\system32\vticd.dll

VM Arguments:
java_command: CargadorObj.ObjLoad
Launcher Type: SUN_STANDARD

Environment Variables:
PATH=C:\WINDOWS\system32;C:\WINDOWS;C:\WINDOWS\System32\Wbem;E:\QUARTUS II\QUARTUS WEB EDITION\bin;E:\QUARTUS II\QUARTUS WEB EDITION\bin;E:\MATLAB7\bin\win32;
USERNAME=user
OS=Windows_NT
PROCESSOR_IDENTIFIER=x86 Family 6 Model 10 Stepping 0, AuthenticAMD



---------------  S Y S T E M  ---------------

OS: Windows XP Build 2600 Service Pack 2

CPU:total 1 (cores per cpu 1, threads per core 1) family 6 model 10 stepping 0, cmov, cx8, fxsr, mmx, sse, mmxext, 3dnowext, 3dnow

Memory: 4k page, physical 458224k(16880k free), swap 1082644k(342184k free)

vm_info: Java HotSpot(TM) Client VM (1.5.0_09-b01) for windows-x86, built on Sep  7 2006 13:59:31 by "java_re" with MS VC++ 6.0

