#
# An unexpected error has been detected by HotSpot Virtual Machine:
#
#  EXCEPTION_ACCESS_VIOLATION (0xc0000005) at pc=0x00000000, pid=3748, tid=3780
#
# Java VM: Java HotSpot(TM) Client VM (1.5.0_09-b01 mixed mode, sharing)
# Problematic frame:
# C  0x00000000
#

---------------  T H R E A D  ---------------

Current thread (0x037ff630):  JavaThread "J3D-Renderer-1" [_thread_in_native, id=3780]

siginfo: ExceptionCode=0xc0000005, reading address 0x00000000

Registers:
EAX=0x000bdd50, EBX=0x26c44a98, ECX=0x23f3bc38, EDX=0x062c6660
ESP=0x0a45f788, EBP=0x0a45f820, ESI=0x26c44a98, EDI=0x037ff630
EIP=0x00000000, EFLAGS=0x00010202

Top of Stack: (sp=0x0a45f788)
0x0a45f788:   0629fa4f 23f3bc38 0a45f7ec 0a45f7e4
0x0a45f798:   6d76a671 037ff630 00000006 00000008
0x0a45f7a8:   037ff630 6d7b1509 6d885820 26c44868
0x0a45f7b8:   6d8643b0 037a29b0 00020002 00000000
0x0a45f7c8:   0a45f818 037a29ac 0000000e 062c6660
0x0a45f7d8:   0000000e 0a45f864 0a45f83c 0a45f858
0x0a45f7e8:   01556562 037ff630 26c44868 0a45f89c
0x0a45f7f8:   0a45f858 0155832f 037ff6f0 0a45f89c 

Instructions: (pc=0x00000000)
0xfffffff0:   


Stack: [0x0a420000,0x0a460000),  sp=0x0a45f788,  free space=253k
Java frames: (J=compiled Java code, j=interpreted, Vv=VM code)
j  javax.media.j3d.Canvas3D.setProjectionMatrix(J[D)V+0
J  javax.media.j3d.Renderer.doWork(J)V
j  javax.media.j3d.J3dThread.run()V+19
v  ~StubRoutines::call_stub

---------------  P R O C E S S  ---------------

Java Threads: ( => current thread )
  0x037d64d0 JavaThread "J3D-InputDeviceScheduler-4" [_thread_blocked, id=1156]
  0x037d5878 JavaThread "J3D-SoundSchedulerUpdateThread-4" [_thread_blocked, id=3216]
  0x037d4c20 JavaThread "J3D-RenderStructureUpdateThread-4" [_thread_blocked, id=884]
  0x037d3fc8 JavaThread "J3D-BehaviorScheduler-4" [_thread_blocked, id=1376]
  0x037d33a8 JavaThread "J3D-TransformStructureUpdateThread-4" [_thread_blocked, id=3220]
  0x037d2850 JavaThread "J3D-RenderingEnvironmentStructureUpdateThread-4" [_thread_blocked, id=3256]
  0x037957e8 JavaThread "J3D-SoundStructureUpdateThread-4" [_thread_blocked, id=3224]
  0x03794c90 JavaThread "J3D-GeometryStructureUpdateThread-4" [_thread_blocked, id=1324]
  0x03794938 JavaThread "J3D-BehaviorStructureUpdateThread-4" [_thread_blocked, id=3648]
  0x038fa310 JavaThread "J3D-InputDeviceScheduler-3" [_thread_blocked, id=3244]
  0x038f9660 JavaThread "J3D-SoundSchedulerUpdateThread-3" [_thread_blocked, id=3240]
  0x038f89b0 JavaThread "J3D-RenderStructureUpdateThread-3" [_thread_blocked, id=3856]
  0x038f7d00 JavaThread "J3D-BehaviorScheduler-3" [_thread_blocked, id=3232]
  0x038f7050 JavaThread "J3D-TransformStructureUpdateThread-3" [_thread_blocked, id=3236]
  0x038f63a0 JavaThread "J3D-RenderingEnvironmentStructureUpdateThread-3" [_thread_blocked, id=2244]
  0x038f5760 JavaThread "J3D-SoundStructureUpdateThread-3" [_thread_blocked, id=1296]
  0x038f5408 JavaThread "J3D-GeometryStructureUpdateThread-3" [_thread_blocked, id=3792]
  0x03dbae18 JavaThread "J3D-BehaviorStructureUpdateThread-3" [_thread_blocked, id=3988]
  0x03d680a8 JavaThread "J3D-InputDeviceScheduler-2" [_thread_blocked, id=3964]
  0x03e1f4c0 JavaThread "J3D-SoundSchedulerUpdateThread-2" [_thread_blocked, id=1320]
  0x03e1e968 JavaThread "J3D-RenderStructureUpdateThread-2" [_thread_blocked, id=4060]
  0x0378caf8 JavaThread "J3D-BehaviorScheduler-2" [_thread_blocked, id=4008]
  0x0378bf48 JavaThread "J3D-TransformStructureUpdateThread-2" [_thread_blocked, id=4032]
  0x0b2f1470 JavaThread "J3D-RenderingEnvironmentStructureUpdateThread-2" [_thread_blocked, id=796]
  0x0b2f08c0 JavaThread "J3D-SoundStructureUpdateThread-2" [_thread_blocked, id=1500]
  0x0b2f0510 JavaThread "J3D-GeometryStructureUpdateThread-2" [_thread_blocked, id=780]
  0x0154c970 JavaThread "J3D-BehaviorStructureUpdateThread-2" [_thread_blocked, id=4040]
  0x03a372c0 JavaThread "J3D-InputDeviceScheduler-1" [_thread_blocked, id=3660]
  0x037bf408 JavaThread "J3D-SoundSchedulerUpdateThread-1" [_thread_blocked, id=3636]
  0x03ab8668 JavaThread "J3D-RenderStructureUpdateThread-1" [_thread_blocked, id=3692]
  0x03b0f408 JavaThread "J3D-BehaviorScheduler-1" [_thread_blocked, id=3680]
  0x03a94408 JavaThread "J3D-TransformStructureUpdateThread-1" [_thread_blocked, id=3376]
  0x03afd680 JavaThread "J3D-RenderingEnvironmentStructureUpdateThread-1" [_thread_blocked, id=3712]
  0x038e0638 JavaThread "J3D-SoundStructureUpdateThread-1" [_thread_blocked, id=3688]
  0x037ddc20 JavaThread "J3D-GeometryStructureUpdateThread-1" [_thread_blocked, id=3676]
  0x037e6b18 JavaThread "J3D-BehaviorStructureUpdateThread-1" [_thread_blocked, id=3728]
=>0x037ff630 JavaThread "J3D-Renderer-1" [_thread_in_native, id=3780]
  0x03913e40 JavaThread "J3D-MasterControl-1" [_thread_blocked, id=3776]
  0x037ff408 JavaThread "J3D-NotificationThread" [_thread_blocked, id=3720]
  0x03802db0 JavaThread "J3D-TimerThread" [_thread_blocked, id=3548]
  0x0378d0f8 JavaThread "J3D-RenderingAttributesStructureUpdateThread" [_thread_blocked, id=2472]
  0x03721e60 JavaThread "TimerQueue" daemon [_thread_blocked, id=4044]
  0x00036390 JavaThread "DestroyJavaVM" [_thread_blocked, id=3640]
  0x038e8e08 JavaThread "AWT-EventQueue-0" [_thread_blocked, id=3708]
  0x038e0238 JavaThread "AWT-Windows" daemon [_thread_in_native, id=3736]
  0x037273b8 JavaThread "AWT-Shutdown" [_thread_blocked, id=4012]
  0x03727998 JavaThread "Java2D Disposer" daemon [_thread_blocked, id=4016]
  0x014f15e8 JavaThread "Low Memory Detector" daemon [_thread_blocked, id=3764]
  0x014f0268 JavaThread "CompilerThread0" daemon [_thread_blocked, id=3384]
  0x014ef618 JavaThread "Signal Dispatcher" daemon [_thread_blocked, id=3724]
  0x0003f210 JavaThread "Finalizer" daemon [_thread_blocked, id=3980]
  0x014c2e00 JavaThread "Reference Handler" daemon [_thread_blocked, id=3044]

Other Threads:
  0x014c0448 VMThread [id=3968]
  0x014ef348 WatcherThread [id=3796]

VM state:not at safepoint (normal execution)

VM Mutex/Monitor currently owned by a thread: None

Heap
 def new generation   total 2496K, used 1126K [0x22b20000, 0x22dd0000, 0x23000000)
  eden space 2240K,  38% used [0x22b20000, 0x22bf9ae8, 0x22d50000)
  from space 256K, 100% used [0x22d90000, 0x22dd0000, 0x22dd0000)
  to   space 256K,   0% used [0x22d50000, 0x22d50000, 0x22d90000)
 tenured generation   total 31140K, used 20198K [0x23000000, 0x24e69000, 0x26b20000)
   the space 31140K,  64% used [0x23000000, 0x243b99d8, 0x243b9a00, 0x24e69000)
 compacting perm gen  total 8192K, used 3716K [0x26b20000, 0x27320000, 0x2ab20000)
   the space 8192K,  45% used [0x26b20000, 0x26ec13e8, 0x26ec1400, 0x27320000)
    ro space 8192K,  67% used [0x2ab20000, 0x2b07e5d8, 0x2b07e600, 0x2b320000)
    rw space 12288K,  47% used [0x2b320000, 0x2b8c87f0, 0x2b8c8800, 0x2bf20000)

Dynamic libraries:
0x00400000 - 0x0040d000 	C:\Archivos de programa\Java\jdk1.5.0_09\jre\bin\java.exe
0x7c910000 - 0x7c9c6000 	C:\WINDOWS\system32\ntdll.dll
0x7c800000 - 0x7c901000 	C:\WINDOWS\system32\kernel32.dll
0x77da0000 - 0x77e4c000 	C:\WINDOWS\system32\ADVAPI32.dll
0x77e50000 - 0x77ee1000 	C:\WINDOWS\system32\RPCRT4.dll
0x77be0000 - 0x77c38000 	C:\WINDOWS\system32\MSVCRT.dll
0x10000000 - 0x1002a000 	C:\WINDOWS\SYSTEM32\PAVSKRE.DLL
0x77d10000 - 0x77da0000 	C:\WINDOWS\system32\USER32.dll
0x77ef0000 - 0x77f37000 	C:\WINDOWS\system32\GDI32.dll
0x00320000 - 0x00341000 	C:\WINDOWS\system32\pavipc.dll
0x66500000 - 0x6650a000 	C:\WINDOWS\system32\wbsys.dll
0x66600000 - 0x66617000 	C:\Archivos de programa\Stardock\Object Desktop\WindowBlinds\wbhelp.dll
0x003c0000 - 0x003ec000 	C:\Archivos de programa\Panda Software\Panda Platinum 2005 Internet Security\PAVHOOK.DLL
0x77fc0000 - 0x77fd1000 	C:\WINDOWS\system32\Secur32.dll
0x00b80000 - 0x00b9c000 	C:\WINDOWS\system32\SYSTOOLS.dll
0x770f0000 - 0x7717c000 	C:\WINDOWS\system32\oleaut32.dll
0x774b0000 - 0x775ed000 	C:\WINDOWS\system32\ole32.dll
0x01000000 - 0x01032000 	C:\WINDOWS\SYSTEM32\PAVSPROT.DLL
0x6d730000 - 0x6d8cb000 	C:\Archivos de programa\Java\jdk1.5.0_09\jre\bin\client\jvm.dll
0x76b00000 - 0x76b2e000 	C:\WINDOWS\system32\WINMM.dll
0x5d160000 - 0x5d167000 	C:\WINDOWS\system32\serwvdrv.dll
0x5b480000 - 0x5b487000 	C:\WINDOWS\system32\umdmxfrm.dll
0x6d2f0000 - 0x6d2f8000 	C:\Archivos de programa\Java\jdk1.5.0_09\jre\bin\hpi.dll
0x76bb0000 - 0x76bbb000 	C:\WINDOWS\system32\PSAPI.DLL
0x6d700000 - 0x6d70c000 	C:\Archivos de programa\Java\jdk1.5.0_09\jre\bin\verify.dll
0x6d370000 - 0x6d38d000 	C:\Archivos de programa\Java\jdk1.5.0_09\jre\bin\java.dll
0x6d720000 - 0x6d72f000 	C:\Archivos de programa\Java\jdk1.5.0_09\jre\bin\zip.dll
0x6d070000 - 0x6d1d9000 	C:\Archivos de programa\Java\jdk1.5.0_09\jre\bin\awt.dll
0x72f80000 - 0x72fa6000 	C:\WINDOWS\system32\WINSPOOL.DRV
0x76340000 - 0x7635d000 	C:\WINDOWS\system32\IMM32.dll
0x66000000 - 0x6608e000 	C:\Archivos de programa\Stardock\Object Desktop\WindowBlinds\WBlind.dll
0x7c9d0000 - 0x7d1ef000 	C:\WINDOWS\system32\SHELL32.dll
0x77f40000 - 0x77fb6000 	C:\WINDOWS\system32\SHLWAPI.dll
0x58c30000 - 0x58cca000 	C:\WINDOWS\system32\COMCTL32.dll
0x773a0000 - 0x774a3000 	C:\WINDOWS\WinSxS\x86_Microsoft.Windows.Common-Controls_6595b64144ccf1df_6.0.2600.2982_x-ww_ac3f9c03\comctl32.dll
0x5b150000 - 0x5b188000 	C:\WINDOWS\system32\UXTHEME.DLL
0x76330000 - 0x76335000 	C:\WINDOWS\system32\msimg32.dll
0x736e0000 - 0x73729000 	C:\WINDOWS\system32\ddraw.dll
0x73b40000 - 0x73b46000 	C:\WINDOWS\system32\DCIMAN32.dll
0x6d2b0000 - 0x6d2ef000 	C:\Archivos de programa\Java\jdk1.5.0_09\jre\bin\fontmanager.dll
0x05f70000 - 0x05f8a000 	C:\Archivos de programa\Panda Software\Panda Platinum 2005 Internet Security\pavoepl.dll
0x05f90000 - 0x05fab000 	C:\Archivos de programa\Panda Software\Panda Platinum 2005 Internet Security\StoreMan.dll
0x76740000 - 0x76749000 	C:\WINDOWS\system32\SHFOLDER.dll
0x746b0000 - 0x746fb000 	C:\WINDOWS\system32\MSCTF.dll
0x06340000 - 0x06355000 	C:\Archivos de programa\Panda Software\Panda Platinum 2005 Internet Security\Firewall\SSSensor.dll
0x6d530000 - 0x6d543000 	C:\Archivos de programa\Java\jdk1.5.0_09\jre\bin\net.dll
0x71a30000 - 0x71a47000 	C:\WINDOWS\system32\WS2_32.dll
0x71a20000 - 0x71a28000 	C:\WINDOWS\system32\WS2HELP.dll
0x6d550000 - 0x6d559000 	C:\Archivos de programa\Java\jdk1.5.0_09\jre\bin\nio.dll
0x6d430000 - 0x6d44f000 	C:\Archivos de programa\Java\jdk1.5.0_09\jre\bin\jpeg.dll
0x6d3d0000 - 0x6d3d6000 	C:\Archivos de programa\Java\jdk1.5.0_09\jre\bin\jawt.dll
0x06290000 - 0x062c0000 	C:\Archivos de programa\Java\jdk1.5.0_09\jre\bin\j3dcore-ogl.dll
0x5f120000 - 0x5f1ec000 	C:\WINDOWS\system32\OPENGL32.dll
0x5fea0000 - 0x5fec1000 	C:\WINDOWS\system32\GLU32.dll
0x69000000 - 0x692be000 	C:\WINDOWS\system32\vticd.dll

VM Arguments:
java_command: erg2.Test0
Launcher Type: SUN_STANDARD

Environment Variables:
PATH=C:\WINDOWS\system32;C:\WINDOWS;C:\WINDOWS\System32\Wbem;E:\QUARTUS II\QUARTUS WEB EDITION\bin;E:\QUARTUS II\QUARTUS WEB EDITION\bin;E:\MATLAB7\bin\win32;;C:\Archivos de programa\Panda Software\Panda Platinum 2005 Internet Security\
USERNAME=user
OS=Windows_NT
PROCESSOR_IDENTIFIER=x86 Family 6 Model 10 Stepping 0, AuthenticAMD



---------------  S Y S T E M  ---------------

OS: Windows XP Build 2600 Service Pack 2

CPU:total 1 (cores per cpu 1, threads per core 1) family 6 model 10 stepping 0, cmov, cx8, fxsr, mmx, sse, mmxext, 3dnowext, 3dnow

Memory: 4k page, physical 458224k(30192k free), swap 1082604k(377576k free)

vm_info: Java HotSpot(TM) Client VM (1.5.0_09-b01) for windows-x86, built on Sep  7 2006 13:59:31 by "java_re" with MS VC++ 6.0

